{"H:\\module 2\\To-Do_List\\__mock__\\addNew.js": {"path":"H:\\module 2\\To-Do_List\\__mock__\\addNew.js","statementMap":{"0":{"start":{"line":1,"column":15},"end":{"line":25,"column":1}},"1":{"start":{"line":2,"column":2},"end":{"line":12,"column":4}},"2":{"start":{"line":13,"column":18},"end":{"line":13,"column":53}},"3":{"start":{"line":14,"column":2},"end":{"line":14,"column":26}},"4":{"start":{"line":15,"column":18},"end":{"line":15,"column":47}},"5":{"start":{"line":16,"column":2},"end":{"line":16,"column":53}},"6":{"start":{"line":17,"column":2},"end":{"line":17,"column":36}},"7":{"start":{"line":18,"column":19},"end":{"line":18,"column":55}},"8":{"start":{"line":19,"column":2},"end":{"line":19,"column":32}},"9":{"start":{"line":20,"column":22},"end":{"line":20,"column":61}},"10":{"start":{"line":21,"column":17},"end":{"line":21,"column":19}},"11":{"start":{"line":22,"column":2},"end":{"line":22,"column":33}},"12":{"start":{"line":23,"column":2},"end":{"line":23,"column":28}},"13":{"start":{"line":24,"column":2},"end":{"line":24,"column":16}},"14":{"start":{"line":27,"column":0},"end":{"line":27,"column":24}}},"fnMap":{"0":{"name":"(anonymous_0)","decl":{"start":{"line":1,"column":15},"end":{"line":1,"column":16}},"loc":{"start":{"line":1,"column":21},"end":{"line":25,"column":1}},"line":1}},"branchMap":{},"s":{"0":1,"1":0,"2":0,"3":0,"4":0,"5":0,"6":0,"7":0,"8":0,"9":0,"10":0,"11":0,"12":0,"13":0,"14":1},"f":{"0":0},"b":{},"_coverageSchema":"1a1c01bbd47fc00a2c39e90264f33305004495a9","hash":"2f3c2634e16f17d70edb0f034c558f1dbf47bd78"}
,"H:\\module 2\\To-Do_List\\__mock__\\removeItems.js": {"path":"H:\\module 2\\To-Do_List\\__mock__\\removeItems.js","statementMap":{"0":{"start":{"line":1,"column":19},"end":{"line":31,"column":1}},"1":{"start":{"line":2,"column":2},"end":{"line":12,"column":4}},"2":{"start":{"line":13,"column":20},"end":{"line":13,"column":55}},"3":{"start":{"line":14,"column":2},"end":{"line":14,"column":28}},"4":{"start":{"line":15,"column":19},"end":{"line":15,"column":48}},"5":{"start":{"line":16,"column":2},"end":{"line":16,"column":54}},"6":{"start":{"line":17,"column":2},"end":{"line":17,"column":39}},"7":{"start":{"line":18,"column":19},"end":{"line":18,"column":55}},"8":{"start":{"line":19,"column":2},"end":{"line":19,"column":33}},"9":{"start":{"line":20,"column":21},"end":{"line":20,"column":56}},"10":{"start":{"line":21,"column":2},"end":{"line":21,"column":30}},"11":{"start":{"line":22,"column":19},"end":{"line":22,"column":48}},"12":{"start":{"line":23,"column":2},"end":{"line":23,"column":54}},"13":{"start":{"line":24,"column":2},"end":{"line":24,"column":40}},"14":{"start":{"line":25,"column":2},"end":{"line":25,"column":33}},"15":{"start":{"line":26,"column":15},"end":{"line":26,"column":16}},"16":{"start":{"line":27,"column":2},"end":{"line":27,"column":20}},"17":{"start":{"line":28,"column":22},"end":{"line":28,"column":61}},"18":{"start":{"line":29,"column":2},"end":{"line":29,"column":30}},"19":{"start":{"line":30,"column":2},"end":{"line":30,"column":16}},"20":{"start":{"line":33,"column":0},"end":{"line":33,"column":28}}},"fnMap":{"0":{"name":"(anonymous_0)","decl":{"start":{"line":1,"column":19},"end":{"line":1,"column":20}},"loc":{"start":{"line":1,"column":25},"end":{"line":31,"column":1}},"line":1}},"branchMap":{},"s":{"0":1,"1":0,"2":0,"3":0,"4":0,"5":0,"6":0,"7":0,"8":0,"9":0,"10":0,"11":0,"12":0,"13":0,"14":0,"15":0,"16":0,"17":0,"18":0,"19":0,"20":1},"f":{"0":0},"b":{},"_coverageSchema":"1a1c01bbd47fc00a2c39e90264f33305004495a9","hash":"d7648063655c37aeed054484c3dd398918c64be5"}
,"H:\\module 2\\To-Do_List\\__mock__\\status.js": {"path":"H:\\module 2\\To-Do_List\\__mock__\\status.js","statementMap":{"0":{"start":{"line":3,"column":4},"end":{"line":3,"column":23}},"1":{"start":{"line":7,"column":4},"end":{"line":7,"column":30}},"2":{"start":{"line":11,"column":4},"end":{"line":11,"column":31}},"3":{"start":{"line":15,"column":0},"end":{"line":15,"column":34}}},"fnMap":{"0":{"name":"(anonymous_0)","decl":{"start":{"line":2,"column":2},"end":{"line":2,"column":3}},"loc":{"start":{"line":2,"column":16},"end":{"line":4,"column":3}},"line":2},"1":{"name":"(anonymous_1)","decl":{"start":{"line":6,"column":2},"end":{"line":6,"column":3}},"loc":{"start":{"line":6,"column":15},"end":{"line":8,"column":3}},"line":6},"2":{"name":"(anonymous_2)","decl":{"start":{"line":10,"column":2},"end":{"line":10,"column":3}},"loc":{"start":{"line":10,"column":22},"end":{"line":12,"column":3}},"line":10}},"branchMap":{},"s":{"0":1,"1":1,"2":2,"3":1},"f":{"0":1,"1":1,"2":2},"b":{},"_coverageSchema":"1a1c01bbd47fc00a2c39e90264f33305004495a9","hash":"445605041a953e6b72ae1a6819c9e09fa3494c83"}
}
